{"numFailedTestSuites":0,"numFailedTests":0,"numPassedTestSuites":2,"numPassedTests":10,"numPendingTestSuites":0,"numPendingTests":0,"numRuntimeErrorTestSuites":0,"numTodoTests":0,"numTotalTestSuites":2,"numTotalTests":10,"openHandles":[],"snapshot":{"added":0,"didUpdate":false,"failure":false,"filesAdded":0,"filesRemoved":0,"filesRemovedList":[],"filesUnmatched":0,"filesUpdated":0,"matched":0,"total":0,"unchecked":0,"uncheckedKeysByFile":[],"unmatched":0,"updated":0},"startTime":1765704175764,"success":true,"testResults":[{"assertionResults":[{"ancestorTitles":["Sweets"],"duration":169,"failing":false,"failureDetails":[],"failureMessages":[],"fullName":"Sweets creates and lists sweets (protected)","invocations":1,"location":null,"numPassingAsserts":4,"retryReasons":[],"startAt":1765704179457,"status":"passed","title":"creates and lists sweets (protected)"},{"ancestorTitles":["Sweets"],"duration":24,"failing":false,"failureDetails":[],"failureMessages":[],"fullName":"Sweets rejects requests without a token","invocations":1,"location":null,"numPassingAsserts":1,"retryReasons":[],"startAt":1765704179627,"status":"passed","title":"rejects requests without a token"},{"ancestorTitles":["Sweets"],"duration":121,"failing":false,"failureDetails":[],"failureMessages":[],"fullName":"Sweets searches sweets by name/category/price range","invocations":1,"location":null,"numPassingAsserts":7,"retryReasons":[],"startAt":1765704179652,"status":"passed","title":"searches sweets by name/category/price range"},{"ancestorTitles":["Sweets"],"duration":153,"failing":false,"failureDetails":[],"failureMessages":[],"fullName":"Sweets updates a sweet","invocations":1,"location":null,"numPassingAsserts":3,"retryReasons":[],"startAt":1765704179774,"status":"passed","title":"updates a sweet"},{"ancestorTitles":["Sweets"],"duration":132,"failing":false,"failureDetails":[],"failureMessages":[],"fullName":"Sweets purchases a sweet and decreases quantity","invocations":1,"location":null,"numPassingAsserts":2,"retryReasons":[],"startAt":1765704179928,"status":"passed","title":"purchases a sweet and decreases quantity"},{"ancestorTitles":["Sweets"],"duration":122,"failing":false,"failureDetails":[],"failureMessages":[],"fullName":"Sweets rejects purchase when not enough stock","invocations":1,"location":null,"numPassingAsserts":2,"retryReasons":[],"startAt":1765704180061,"status":"passed","title":"rejects purchase when not enough stock"},{"ancestorTitles":["Sweets"],"duration":128,"failing":false,"failureDetails":[],"failureMessages":[],"fullName":"Sweets restocks a sweet (admin only)","invocations":1,"location":null,"numPassingAsserts":2,"retryReasons":[],"startAt":1765704180184,"status":"passed","title":"restocks a sweet (admin only)"},{"ancestorTitles":["Sweets"],"duration":204,"failing":false,"failureDetails":[],"failureMessages":[],"fullName":"Sweets prevents non-admin from restocking and deleting","invocations":1,"location":null,"numPassingAsserts":2,"retryReasons":[],"startAt":1765704180313,"status":"passed","title":"prevents non-admin from restocking and deleting"}],"endTime":1765704180542,"message":"","name":"C:\\Users\\Dell\\Desktop\\OA\\sweet-shop\\backend\\tests\\sweets.test.ts","startTime":1765704176006,"status":"passed","summary":""},{"assertionResults":[{"ancestorTitles":["Auth"],"duration":184,"failing":false,"failureDetails":[],"failureMessages":[],"fullName":"Auth registers a user and returns a token","invocations":1,"location":null,"numPassingAsserts":3,"retryReasons":[],"startAt":1765704181930,"status":"passed","title":"registers a user and returns a token"},{"ancestorTitles":["Auth"],"duration":173,"failing":false,"failureDetails":[],"failureMessages":[],"fullName":"Auth logs in an existing user","invocations":1,"location":null,"numPassingAsserts":3,"retryReasons":[],"startAt":1765704182115,"status":"passed","title":"logs in an existing user"}],"endTime":1765704182301,"message":"","name":"C:\\Users\\Dell\\Desktop\\OA\\sweet-shop\\backend\\tests\\auth.test.ts","startTime":1765704180564,"status":"passed","summary":""}],"wasInterrupted":false}
